module           : False
lamda            : 256
regularize_to    : other
attack_to        : other
loss_type        : sim
advtrain_type    : Rep
train_type       : contrastive
lr               : 0.1
lr_multiplier    : 15.0
decay            : 1e-06
dataset          : cifar-10
load_checkpoint  : ./checkpoint/ckpt.t7one_task_0
resume           : False
model            : ResNet18
name             : 
seed             : 0
batch_size       : 256
epoch            : 1000
color_jitter_strength : 0.5
temperature      : 0.5
local_rank       : 0
ngpu             : 2
min              : 0.0
max              : 1.0
attack_type      : linf
epsilon          : 0.0314
alpha            : 0.007
k                : 1
random_start     : True
