000 (4360.000.000) 2022-01-10 01:00:48 Job submitted from host: <134.96.227.101:9618?addrs=134.96.227.101-9618&alias=conduit2.cs.uni-saarland.de&noUDP&sock=schedd_1282_ec81>
...
040 (4360.000.000) 2022-01-10 01:01:01 Started transferring input files
	Transferring to host: <134.96.224.230:9618?addrs=134.96.224.230-9618&alias=uller.cs.uni-saarland.de&noUDP&sock=teaching1_3543_1d29_826306>
...
040 (4360.000.000) 2022-01-10 01:01:07 Finished transferring input files
...
001 (4360.000.000) 2022-01-10 01:01:07 Job executing on host: <134.96.224.230:9618?addrs=134.96.224.230-9618&alias=uller.cs.uni-saarland.de&noUDP&sock=startd_2231_dbe1>
...
040 (4360.000.000) 2022-01-10 01:01:10 Started transferring output files
...
040 (4360.000.000) 2022-01-10 01:01:10 Finished transferring output files
...
005 (4360.000.000) 2022-01-10 01:01:10 Job terminated.
	(1) Normal termination (return value 1)
		Usr 0 00:00:00, Sys 0 00:00:00  -  Run Remote Usage
		Usr 0 00:00:00, Sys 0 00:00:00  -  Run Local Usage
		Usr 0 00:00:00, Sys 0 00:00:00  -  Total Remote Usage
		Usr 0 00:00:00, Sys 0 00:00:00  -  Total Local Usage
	1309  -  Run Bytes Sent By Job
	220725520  -  Run Bytes Received By Job
	1309  -  Total Bytes Sent By Job
	220725520  -  Total Bytes Received By Job
	Partitionable Resources :    Usage  Request Allocated Assigned
	   Cpus                 :        0        1         7 
	   Disk (KB)            :   215611   225000 402881726 
	   Gpus (Average)       :        0        1         1 "GPU-0833fde1"
	   GpusMemory (MB)      :        7                    
	   Memory (MB)          :              1024     64484 

	Job terminated of its own accord at 2022-01-10T00:01:10Z with exit-code 1.
...
