=> Reading YAML config from configs/configs.yml
#################### Pre-training network ####################
===>>  gradient for importance_scores: None  | training weights only
Initialization relevance score with None initialization
Files already downloaded and verified
Files already downloaded and verified
Traing loader: 50000 images, Test loader: 10000 images
variable = conv1.weight, Gradient requires_grad = True
variable = conv1.popup_scores, Gradient requires_grad = False
variable = bn1.weight, Gradient requires_grad = True
variable = bn1.bias, Gradient requires_grad = True
variable = layer1.0.conv1.weight, Gradient requires_grad = True
variable = layer1.0.conv1.popup_scores, Gradient requires_grad = False
variable = layer1.0.bn1.weight, Gradient requires_grad = True
variable = layer1.0.bn1.bias, Gradient requires_grad = True
variable = layer1.0.conv2.weight, Gradient requires_grad = True
variable = layer1.0.conv2.popup_scores, Gradient requires_grad = False
variable = layer1.0.bn2.weight, Gradient requires_grad = True
variable = layer1.0.bn2.bias, Gradient requires_grad = True
variable = layer1.1.conv1.weight, Gradient requires_grad = True
variable = layer1.1.conv1.popup_scores, Gradient requires_grad = False
variable = layer1.1.bn1.weight, Gradient requires_grad = True
variable = layer1.1.bn1.bias, Gradient requires_grad = True
variable = layer1.1.conv2.weight, Gradient requires_grad = True
variable = layer1.1.conv2.popup_scores, Gradient requires_grad = False
variable = layer1.1.bn2.weight, Gradient requires_grad = True
variable = layer1.1.bn2.bias, Gradient requires_grad = True
variable = layer2.0.conv1.weight, Gradient requires_grad = True
variable = layer2.0.conv1.popup_scores, Gradient requires_grad = False
variable = layer2.0.bn1.weight, Gradient requires_grad = True
variable = layer2.0.bn1.bias, Gradient requires_grad = True
variable = layer2.0.conv2.weight, Gradient requires_grad = True
variable = layer2.0.conv2.popup_scores, Gradient requires_grad = False
variable = layer2.0.bn2.weight, Gradient requires_grad = True
variable = layer2.0.bn2.bias, Gradient requires_grad = True
variable = layer2.0.shortcut.0.weight, Gradient requires_grad = True
variable = layer2.0.shortcut.0.popup_scores, Gradient requires_grad = False
variable = layer2.0.shortcut.1.weight, Gradient requires_grad = True
variable = layer2.0.shortcut.1.bias, Gradient requires_grad = True
variable = layer2.1.conv1.weight, Gradient requires_grad = True
variable = layer2.1.conv1.popup_scores, Gradient requires_grad = False
variable = layer2.1.bn1.weight, Gradient requires_grad = True
variable = layer2.1.bn1.bias, Gradient requires_grad = True
variable = layer2.1.conv2.weight, Gradient requires_grad = True
variable = layer2.1.conv2.popup_scores, Gradient requires_grad = False
variable = layer2.1.bn2.weight, Gradient requires_grad = True
variable = layer2.1.bn2.bias, Gradient requires_grad = True
variable = layer3.0.conv1.weight, Gradient requires_grad = True
variable = layer3.0.conv1.popup_scores, Gradient requires_grad = False
variable = layer3.0.bn1.weight, Gradient requires_grad = True
variable = layer3.0.bn1.bias, Gradient requires_grad = True
variable = layer3.0.conv2.weight, Gradient requires_grad = True
variable = layer3.0.conv2.popup_scores, Gradient requires_grad = False
variable = layer3.0.bn2.weight, Gradient requires_grad = True
variable = layer3.0.bn2.bias, Gradient requires_grad = True
variable = layer3.0.shortcut.0.weight, Gradient requires_grad = True
variable = layer3.0.shortcut.0.popup_scores, Gradient requires_grad = False
variable = layer3.0.shortcut.1.weight, Gradient requires_grad = True
variable = layer3.0.shortcut.1.bias, Gradient requires_grad = True
variable = layer3.1.conv1.weight, Gradient requires_grad = True
variable = layer3.1.conv1.popup_scores, Gradient requires_grad = False
variable = layer3.1.bn1.weight, Gradient requires_grad = True
variable = layer3.1.bn1.bias, Gradient requires_grad = True
variable = layer3.1.conv2.weight, Gradient requires_grad = True
variable = layer3.1.conv2.popup_scores, Gradient requires_grad = False
variable = layer3.1.bn2.weight, Gradient requires_grad = True
variable = layer3.1.bn2.bias, Gradient requires_grad = True
variable = layer4.0.conv1.weight, Gradient requires_grad = True
variable = layer4.0.conv1.popup_scores, Gradient requires_grad = False
variable = layer4.0.bn1.weight, Gradient requires_grad = True
variable = layer4.0.bn1.bias, Gradient requires_grad = True
variable = layer4.0.conv2.weight, Gradient requires_grad = True
variable = layer4.0.conv2.popup_scores, Gradient requires_grad = False
variable = layer4.0.bn2.weight, Gradient requires_grad = True
variable = layer4.0.bn2.bias, Gradient requires_grad = True
variable = layer4.0.shortcut.0.weight, Gradient requires_grad = True
variable = layer4.0.shortcut.0.popup_scores, Gradient requires_grad = False
variable = layer4.0.shortcut.1.weight, Gradient requires_grad = True
variable = layer4.0.shortcut.1.bias, Gradient requires_grad = True
variable = layer4.1.conv1.weight, Gradient requires_grad = True
variable = layer4.1.conv1.popup_scores, Gradient requires_grad = False
variable = layer4.1.bn1.weight, Gradient requires_grad = True
variable = layer4.1.bn1.bias, Gradient requires_grad = True
variable = layer4.1.conv2.weight, Gradient requires_grad = True
variable = layer4.1.conv2.popup_scores, Gradient requires_grad = False
variable = layer4.1.bn2.weight, Gradient requires_grad = True
variable = layer4.1.bn2.bias, Gradient requires_grad = True
variable = linear.weight, Gradient requires_grad = True
variable = linear.bias, Gradient requires_grad = True
variable = linear.popup_scores, Gradient requires_grad = False
 ->->->->->->->->->-> One epoch with Adversarial training (TRADES) <-<-<-<-<-<-<-<-<-<-
torch.Size([256, 3, 32, 32]) torch.Size([256]) Batch_size from args: 256 lr: 0.00000
Training images range: [tensor(0., device='cuda:0'), tensor(1., device='cuda:0')]
Epoch: [0][  0/196]	Time  3.760 ( 3.760)	Data  0.000 ( 0.000)	Loss 2.4116 (2.4116)	Acc_1   8.98 (  8.98)	Acc_5  47.27 ( 47.27)
Epoch: [0][100/196]	Time  3.672 ( 3.678)	Data  0.000 ( 0.000)	Loss 5.9089 (5.2172)	Acc_1  10.16 ( 10.38)	Acc_5  52.34 ( 50.38)
Test: [39/40]	Time  0.532 ( 2.296)	Loss 2.2449 (2.3451)	Adv_Loss 5.1017 (5.1985)	Acc_1   6.25 ( 10.69)	Acc_5  62.50 ( 50.82)	Adv-Acc_1   0.00 (  0.00)	Adv-Acc_5   0.00 (  0.00)
conv1 SubnetConv(3, 64, kernel_size=(3, 3), stride=(1, 1), padding=(1, 1), bias=False) 0.0
layer1.0.conv1 SubnetConv(64, 64, kernel_size=(3, 3), stride=(1, 1), padding=(1, 1), bias=False) 0.0
layer1.0.conv2 SubnetConv(64, 64, kernel_size=(3, 3), stride=(1, 1), padding=(1, 1), bias=False) 0.0
layer1.1.conv1 SubnetConv(64, 64, kernel_size=(3, 3), stride=(1, 1), padding=(1, 1), bias=False) 0.0
layer1.1.conv2 SubnetConv(64, 64, kernel_size=(3, 3), stride=(1, 1), padding=(1, 1), bias=False) 0.0
layer2.0.conv1 SubnetConv(64, 128, kernel_size=(3, 3), stride=(2, 2), padding=(1, 1), bias=False) 0.0
layer2.0.conv2 SubnetConv(128, 128, kernel_size=(3, 3), stride=(1, 1), padding=(1, 1), bias=False) 0.0
layer2.0.shortcut.0 SubnetConv(64, 128, kernel_size=(1, 1), stride=(2, 2), bias=False) 0.0
layer2.1.conv1 SubnetConv(128, 128, kernel_size=(3, 3), stride=(1, 1), padding=(1, 1), bias=False) 0.0
layer2.1.conv2 SubnetConv(128, 128, kernel_size=(3, 3), stride=(1, 1), padding=(1, 1), bias=False) 0.0
layer3.0.conv1 SubnetConv(128, 256, kernel_size=(3, 3), stride=(2, 2), padding=(1, 1), bias=False) 0.0
layer3.0.conv2 SubnetConv(256, 256, kernel_size=(3, 3), stride=(1, 1), padding=(1, 1), bias=False) 0.0
layer3.0.shortcut.0 SubnetConv(128, 256, kernel_size=(1, 1), stride=(2, 2), bias=False) 0.0
layer3.1.conv1 SubnetConv(256, 256, kernel_size=(3, 3), stride=(1, 1), padding=(1, 1), bias=False) 0.0
layer3.1.conv2 SubnetConv(256, 256, kernel_size=(3, 3), stride=(1, 1), padding=(1, 1), bias=False) 0.0
layer4.0.conv1 SubnetConv(256, 512, kernel_size=(3, 3), stride=(2, 2), padding=(1, 1), bias=False) 0.0
layer4.0.conv2 SubnetConv(512, 512, kernel_size=(3, 3), stride=(1, 1), padding=(1, 1), bias=False) 0.0
layer4.0.shortcut.0 SubnetConv(256, 512, kernel_size=(1, 1), stride=(2, 2), bias=False) 0.0
layer4.1.conv1 SubnetConv(512, 512, kernel_size=(3, 3), stride=(1, 1), padding=(1, 1), bias=False) 4.238552517361111e-05
layer4.1.conv2 SubnetConv(512, 512, kernel_size=(3, 3), stride=(1, 1), padding=(1, 1), bias=False) 0.0
linear SubnetLinear(in_features=512, out_features=10, bias=True) 0.0
=> Reading YAML config from configs/configs.yml
#################### Pruning network ####################
===>>  gradient for weights: None  | training importance scores only
Initialization relevance score with None initialization
Files already downloaded and verified
Files already downloaded and verified
Traing loader: 50000 images, Test loader: 10000 images
Initialization relevance score proportional to weight magnitudes (OVERWRITING SOURCE NET SCORES)
Test: [39/40]	Time  0.543 ( 2.306)	Loss 2.2439 (2.3301)	Adv_Loss 2.2540 (2.3403)	Acc_1  18.75 ( 10.00)	Acc_5  50.00 ( 50.00)	Adv-Acc_1  18.75 ( 10.00)	Adv-Acc_5  50.00 ( 50.00)
variable = conv1.weight, Gradient requires_grad = False
variable = conv1.popup_scores, Gradient requires_grad = True
variable = bn1.weight, Gradient requires_grad = True
variable = bn1.bias, Gradient requires_grad = True
variable = layer1.0.conv1.weight, Gradient requires_grad = False
variable = layer1.0.conv1.popup_scores, Gradient requires_grad = True
variable = layer1.0.bn1.weight, Gradient requires_grad = True
variable = layer1.0.bn1.bias, Gradient requires_grad = True
variable = layer1.0.conv2.weight, Gradient requires_grad = False
variable = layer1.0.conv2.popup_scores, Gradient requires_grad = True
variable = layer1.0.bn2.weight, Gradient requires_grad = True
variable = layer1.0.bn2.bias, Gradient requires_grad = True
variable = layer1.1.conv1.weight, Gradient requires_grad = False
variable = layer1.1.conv1.popup_scores, Gradient requires_grad = True
variable = layer1.1.bn1.weight, Gradient requires_grad = True
variable = layer1.1.bn1.bias, Gradient requires_grad = True
variable = layer1.1.conv2.weight, Gradient requires_grad = False
variable = layer1.1.conv2.popup_scores, Gradient requires_grad = True
variable = layer1.1.bn2.weight, Gradient requires_grad = True
variable = layer1.1.bn2.bias, Gradient requires_grad = True
variable = layer2.0.conv1.weight, Gradient requires_grad = False
variable = layer2.0.conv1.popup_scores, Gradient requires_grad = True
variable = layer2.0.bn1.weight, Gradient requires_grad = True
variable = layer2.0.bn1.bias, Gradient requires_grad = True
variable = layer2.0.conv2.weight, Gradient requires_grad = False
variable = layer2.0.conv2.popup_scores, Gradient requires_grad = True
variable = layer2.0.bn2.weight, Gradient requires_grad = True
variable = layer2.0.bn2.bias, Gradient requires_grad = True
variable = layer2.0.shortcut.0.weight, Gradient requires_grad = False
variable = layer2.0.shortcut.0.popup_scores, Gradient requires_grad = True
variable = layer2.0.shortcut.1.weight, Gradient requires_grad = True
variable = layer2.0.shortcut.1.bias, Gradient requires_grad = True
variable = layer2.1.conv1.weight, Gradient requires_grad = False
variable = layer2.1.conv1.popup_scores, Gradient requires_grad = True
variable = layer2.1.bn1.weight, Gradient requires_grad = True
variable = layer2.1.bn1.bias, Gradient requires_grad = True
variable = layer2.1.conv2.weight, Gradient requires_grad = False
variable = layer2.1.conv2.popup_scores, Gradient requires_grad = True
variable = layer2.1.bn2.weight, Gradient requires_grad = True
variable = layer2.1.bn2.bias, Gradient requires_grad = True
variable = layer3.0.conv1.weight, Gradient requires_grad = False
variable = layer3.0.conv1.popup_scores, Gradient requires_grad = True
variable = layer3.0.bn1.weight, Gradient requires_grad = True
variable = layer3.0.bn1.bias, Gradient requires_grad = True
variable = layer3.0.conv2.weight, Gradient requires_grad = False
variable = layer3.0.conv2.popup_scores, Gradient requires_grad = True
variable = layer3.0.bn2.weight, Gradient requires_grad = True
variable = layer3.0.bn2.bias, Gradient requires_grad = True
variable = layer3.0.shortcut.0.weight, Gradient requires_grad = False
variable = layer3.0.shortcut.0.popup_scores, Gradient requires_grad = True
variable = layer3.0.shortcut.1.weight, Gradient requires_grad = True
variable = layer3.0.shortcut.1.bias, Gradient requires_grad = True
variable = layer3.1.conv1.weight, Gradient requires_grad = False
variable = layer3.1.conv1.popup_scores, Gradient requires_grad = True
variable = layer3.1.bn1.weight, Gradient requires_grad = True
variable = layer3.1.bn1.bias, Gradient requires_grad = True
variable = layer3.1.conv2.weight, Gradient requires_grad = False
variable = layer3.1.conv2.popup_scores, Gradient requires_grad = True
variable = layer3.1.bn2.weight, Gradient requires_grad = True
variable = layer3.1.bn2.bias, Gradient requires_grad = True
variable = layer4.0.conv1.weight, Gradient requires_grad = False
variable = layer4.0.conv1.popup_scores, Gradient requires_grad = True
variable = layer4.0.bn1.weight, Gradient requires_grad = True
variable = layer4.0.bn1.bias, Gradient requires_grad = True
variable = layer4.0.conv2.weight, Gradient requires_grad = False
variable = layer4.0.conv2.popup_scores, Gradient requires_grad = True
variable = layer4.0.bn2.weight, Gradient requires_grad = True
variable = layer4.0.bn2.bias, Gradient requires_grad = True
variable = layer4.0.shortcut.0.weight, Gradient requires_grad = False
variable = layer4.0.shortcut.0.popup_scores, Gradient requires_grad = True
variable = layer4.0.shortcut.1.weight, Gradient requires_grad = True
variable = layer4.0.shortcut.1.bias, Gradient requires_grad = True
variable = layer4.1.conv1.weight, Gradient requires_grad = False
variable = layer4.1.conv1.popup_scores, Gradient requires_grad = True
variable = layer4.1.bn1.weight, Gradient requires_grad = True
variable = layer4.1.bn1.bias, Gradient requires_grad = True
variable = layer4.1.conv2.weight, Gradient requires_grad = False
variable = layer4.1.conv2.popup_scores, Gradient requires_grad = True
variable = layer4.1.bn2.weight, Gradient requires_grad = True
variable = layer4.1.bn2.bias, Gradient requires_grad = True
variable = linear.weight, Gradient requires_grad = False
variable = linear.bias, Gradient requires_grad = False
variable = linear.popup_scores, Gradient requires_grad = True
 ->->->->->->->->->-> One epoch with Adversarial training (TRADES) <-<-<-<-<-<-<-<-<-<-
torch.Size([256, 3, 32, 32]) torch.Size([256]) Batch_size from args: 256 lr: 0.00000
Training images range: [tensor(0., device='cuda:0'), tensor(1., device='cuda:0')]
Epoch: [0][  0/196]	Time  3.487 ( 3.487)	Data  0.000 ( 0.000)	Loss 2.3385 (2.3385)	Acc_1   7.03 (  7.03)	Acc_5  43.75 ( 43.75)
Epoch: [0][100/196]	Time  3.676 ( 3.677)	Data  0.000 ( 0.000)	Loss 3.0331 (2.9321)	Acc_1   8.59 (  8.68)	Acc_5  43.75 ( 49.23)
Test: [39/40]	Time  0.537 ( 2.299)	Loss 2.3147 (2.3223)	Adv_Loss 3.7541 (3.6968)	Acc_1  12.50 (  8.48)	Acc_5  56.25 ( 49.50)	Adv-Acc_1   0.00 (  0.00)	Adv-Acc_5   0.00 (  0.00)
conv1 SubnetConv(3, 64, kernel_size=(3, 3), stride=(1, 1), padding=(1, 1), bias=False) 89.98842592592592
layer1.0.conv1 SubnetConv(64, 64, kernel_size=(3, 3), stride=(1, 1), padding=(1, 1), bias=False) 89.99837239583333
layer1.0.conv2 SubnetConv(64, 64, kernel_size=(3, 3), stride=(1, 1), padding=(1, 1), bias=False) 89.99837239583333
layer1.1.conv1 SubnetConv(64, 64, kernel_size=(3, 3), stride=(1, 1), padding=(1, 1), bias=False) 89.99837239583333
layer1.1.conv2 SubnetConv(64, 64, kernel_size=(3, 3), stride=(1, 1), padding=(1, 1), bias=False) 89.99837239583333
layer2.0.conv1 SubnetConv(64, 128, kernel_size=(3, 3), stride=(2, 2), padding=(1, 1), bias=False) 89.99972873263889
layer2.0.conv2 SubnetConv(128, 128, kernel_size=(3, 3), stride=(1, 1), padding=(1, 1), bias=False) 89.99972873263889
layer2.0.shortcut.0 SubnetConv(64, 128, kernel_size=(1, 1), stride=(2, 2), bias=False) 89.990234375
layer2.1.conv1 SubnetConv(128, 128, kernel_size=(3, 3), stride=(1, 1), padding=(1, 1), bias=False) 89.99972873263889
layer2.1.conv2 SubnetConv(128, 128, kernel_size=(3, 3), stride=(1, 1), padding=(1, 1), bias=False) 89.99972873263889
layer3.0.conv1 SubnetConv(128, 256, kernel_size=(3, 3), stride=(2, 2), padding=(1, 1), bias=False) 89.99972873263889
layer3.0.conv2 SubnetConv(256, 256, kernel_size=(3, 3), stride=(1, 1), padding=(1, 1), bias=False) 89.99989827473958
layer3.0.shortcut.0 SubnetConv(128, 256, kernel_size=(1, 1), stride=(2, 2), bias=False) 89.9993896484375
layer3.1.conv1 SubnetConv(256, 256, kernel_size=(3, 3), stride=(1, 1), padding=(1, 1), bias=False) 89.99989827473958
layer3.1.conv2 SubnetConv(256, 256, kernel_size=(3, 3), stride=(1, 1), padding=(1, 1), bias=False) 89.99989827473958
layer4.0.conv1 SubnetConv(256, 512, kernel_size=(3, 3), stride=(2, 2), padding=(1, 1), bias=False) 89.99998304578993
layer4.0.conv2 SubnetConv(512, 512, kernel_size=(3, 3), stride=(1, 1), padding=(1, 1), bias=False) 89.99998304578993
layer4.0.shortcut.0 SubnetConv(256, 512, kernel_size=(1, 1), stride=(2, 2), bias=False) 89.9993896484375
layer4.1.conv1 SubnetConv(512, 512, kernel_size=(3, 3), stride=(1, 1), padding=(1, 1), bias=False) 89.99998304578993
layer4.1.conv2 SubnetConv(512, 512, kernel_size=(3, 3), stride=(1, 1), padding=(1, 1), bias=False) 89.99998304578993
linear SubnetLinear(in_features=512, out_features=10, bias=True) 90.0
=> Reading YAML config from configs/configs.yml
#################### Fine-tuning network ####################
===>>  gradient for importance_scores: None  | fine-tuning important weigths only
Initialization relevance score with None initialization
Files already downloaded and verified
Files already downloaded and verified
Traing loader: 50000 images, Test loader: 10000 images
Test: [39/40]	Time  0.530 ( 2.299)	Loss 2.3137 (2.3029)	Adv_Loss 2.3137 (2.3029)	Acc_1   0.00 ( 10.00)	Acc_5  18.75 ( 50.00)	Adv-Acc_1   0.00 ( 10.00)	Adv-Acc_5  18.75 ( 50.00)
variable = conv1.weight, Gradient requires_grad = True
variable = conv1.popup_scores, Gradient requires_grad = False
variable = bn1.weight, Gradient requires_grad = True
variable = bn1.bias, Gradient requires_grad = True
variable = layer1.0.conv1.weight, Gradient requires_grad = True
variable = layer1.0.conv1.popup_scores, Gradient requires_grad = False
variable = layer1.0.bn1.weight, Gradient requires_grad = True
variable = layer1.0.bn1.bias, Gradient requires_grad = True
variable = layer1.0.conv2.weight, Gradient requires_grad = True
variable = layer1.0.conv2.popup_scores, Gradient requires_grad = False
variable = layer1.0.bn2.weight, Gradient requires_grad = True
variable = layer1.0.bn2.bias, Gradient requires_grad = True
variable = layer1.1.conv1.weight, Gradient requires_grad = True
variable = layer1.1.conv1.popup_scores, Gradient requires_grad = False
variable = layer1.1.bn1.weight, Gradient requires_grad = True
variable = layer1.1.bn1.bias, Gradient requires_grad = True
variable = layer1.1.conv2.weight, Gradient requires_grad = True
variable = layer1.1.conv2.popup_scores, Gradient requires_grad = False
variable = layer1.1.bn2.weight, Gradient requires_grad = True
variable = layer1.1.bn2.bias, Gradient requires_grad = True
variable = layer2.0.conv1.weight, Gradient requires_grad = True
variable = layer2.0.conv1.popup_scores, Gradient requires_grad = False
variable = layer2.0.bn1.weight, Gradient requires_grad = True
variable = layer2.0.bn1.bias, Gradient requires_grad = True
variable = layer2.0.conv2.weight, Gradient requires_grad = True
variable = layer2.0.conv2.popup_scores, Gradient requires_grad = False
variable = layer2.0.bn2.weight, Gradient requires_grad = True
variable = layer2.0.bn2.bias, Gradient requires_grad = True
variable = layer2.0.shortcut.0.weight, Gradient requires_grad = True
variable = layer2.0.shortcut.0.popup_scores, Gradient requires_grad = False
variable = layer2.0.shortcut.1.weight, Gradient requires_grad = True
variable = layer2.0.shortcut.1.bias, Gradient requires_grad = True
variable = layer2.1.conv1.weight, Gradient requires_grad = True
variable = layer2.1.conv1.popup_scores, Gradient requires_grad = False
variable = layer2.1.bn1.weight, Gradient requires_grad = True
variable = layer2.1.bn1.bias, Gradient requires_grad = True
variable = layer2.1.conv2.weight, Gradient requires_grad = True
variable = layer2.1.conv2.popup_scores, Gradient requires_grad = False
variable = layer2.1.bn2.weight, Gradient requires_grad = True
variable = layer2.1.bn2.bias, Gradient requires_grad = True
variable = layer3.0.conv1.weight, Gradient requires_grad = True
variable = layer3.0.conv1.popup_scores, Gradient requires_grad = False
variable = layer3.0.bn1.weight, Gradient requires_grad = True
variable = layer3.0.bn1.bias, Gradient requires_grad = True
variable = layer3.0.conv2.weight, Gradient requires_grad = True
variable = layer3.0.conv2.popup_scores, Gradient requires_grad = False
variable = layer3.0.bn2.weight, Gradient requires_grad = True
variable = layer3.0.bn2.bias, Gradient requires_grad = True
variable = layer3.0.shortcut.0.weight, Gradient requires_grad = True
variable = layer3.0.shortcut.0.popup_scores, Gradient requires_grad = False
variable = layer3.0.shortcut.1.weight, Gradient requires_grad = True
variable = layer3.0.shortcut.1.bias, Gradient requires_grad = True
variable = layer3.1.conv1.weight, Gradient requires_grad = True
variable = layer3.1.conv1.popup_scores, Gradient requires_grad = False
variable = layer3.1.bn1.weight, Gradient requires_grad = True
variable = layer3.1.bn1.bias, Gradient requires_grad = True
variable = layer3.1.conv2.weight, Gradient requires_grad = True
variable = layer3.1.conv2.popup_scores, Gradient requires_grad = False
variable = layer3.1.bn2.weight, Gradient requires_grad = True
variable = layer3.1.bn2.bias, Gradient requires_grad = True
variable = layer4.0.conv1.weight, Gradient requires_grad = True
variable = layer4.0.conv1.popup_scores, Gradient requires_grad = False
variable = layer4.0.bn1.weight, Gradient requires_grad = True
variable = layer4.0.bn1.bias, Gradient requires_grad = True
variable = layer4.0.conv2.weight, Gradient requires_grad = True
variable = layer4.0.conv2.popup_scores, Gradient requires_grad = False
variable = layer4.0.bn2.weight, Gradient requires_grad = True
variable = layer4.0.bn2.bias, Gradient requires_grad = True
variable = layer4.0.shortcut.0.weight, Gradient requires_grad = True
variable = layer4.0.shortcut.0.popup_scores, Gradient requires_grad = False
variable = layer4.0.shortcut.1.weight, Gradient requires_grad = True
variable = layer4.0.shortcut.1.bias, Gradient requires_grad = True
variable = layer4.1.conv1.weight, Gradient requires_grad = True
variable = layer4.1.conv1.popup_scores, Gradient requires_grad = False
variable = layer4.1.bn1.weight, Gradient requires_grad = True
variable = layer4.1.bn1.bias, Gradient requires_grad = True
variable = layer4.1.conv2.weight, Gradient requires_grad = True
variable = layer4.1.conv2.popup_scores, Gradient requires_grad = False
variable = layer4.1.bn2.weight, Gradient requires_grad = True
variable = layer4.1.bn2.bias, Gradient requires_grad = True
variable = linear.weight, Gradient requires_grad = True
variable = linear.bias, Gradient requires_grad = True
variable = linear.popup_scores, Gradient requires_grad = False
