Matplotlib created a temporary config/cache directory at /raid/condor/lib/condor/execute/dir_2438598/matplotlib-h5ke0a7p because the default path (/.config/matplotlib) is not a writable directory; it is highly recommended to set the MPLCONFIGDIR environment variable to a writable directory, in particular to speed up the import of Matplotlib and to better support multiprocessing.
Namespace(arch='resnet18', batch_size=256, beta=6.0, black_box_eval=False, black_box_path='../cifar10_pgd.pt', clip_max=1, clip_min=0, configs='configs/configs.yml', const_init=False, data_dir='./datasets', data_fraction=1.0, dataset='CIFAR10', distance='l_inf', epochs=5, epsilon=0.031, evaluate=False, exp_mode='pretrain', exp_name='rocl_complete_adv', freeze_bn=False, gpu='0', image_dim=32, init_type='kaiming_normal', is_semisup=False, k=1.0, layer_type='subnet', load_RoCL='complete', lr=0.1, lr_schedule='cosine', mean=(0, 0, 0), mixtraink=1, momentum=0.9, n_repeats=4, no_cuda=False, noise_std=0.25, normalize=False, num_classes=10, num_steps=10, optimizer='sgd', print_freq=100, result_dir='./trained_models', resume='', save_dense=True, scale_rand_init=False, scaled_score_init=False, schedule_length=0, scores_init_type=None, seed=1234, semisup_data='tinyimages', semisup_fraction=1.0, snip_init=False, source_net='./trained_models/rocl_ckpt_same_attack', start_epoch=0, std=(1, 1, 1), step_size=0.0078, test_batch_size=256, trainer='adv', val_method='adv', warmup_epochs=0, warmup_lr=0.1, wd=0.0001)
ResNet(
  (conv1): SubnetConv(3, 64, kernel_size=(3, 3), stride=(1, 1), padding=(1, 1), bias=False)
  (bn1): BatchNorm2d(64, eps=1e-05, momentum=0.1, affine=True, track_running_stats=True)
  (layer1): Sequential(
    (0): BasicBlock(
      (conv1): SubnetConv(64, 64, kernel_size=(3, 3), stride=(1, 1), padding=(1, 1), bias=False)
      (bn1): BatchNorm2d(64, eps=1e-05, momentum=0.1, affine=True, track_running_stats=True)
      (conv2): SubnetConv(64, 64, kernel_size=(3, 3), stride=(1, 1), padding=(1, 1), bias=False)
      (bn2): BatchNorm2d(64, eps=1e-05, momentum=0.1, affine=True, track_running_stats=True)
      (shortcut): Sequential()
    )
    (1): BasicBlock(
      (conv1): SubnetConv(64, 64, kernel_size=(3, 3), stride=(1, 1), padding=(1, 1), bias=False)
      (bn1): BatchNorm2d(64, eps=1e-05, momentum=0.1, affine=True, track_running_stats=True)
      (conv2): SubnetConv(64, 64, kernel_size=(3, 3), stride=(1, 1), padding=(1, 1), bias=False)
      (bn2): BatchNorm2d(64, eps=1e-05, momentum=0.1, affine=True, track_running_stats=True)
      (shortcut): Sequential()
    )
  )
  (layer2): Sequential(
    (0): BasicBlock(
      (conv1): SubnetConv(64, 128, kernel_size=(3, 3), stride=(2, 2), padding=(1, 1), bias=False)
      (bn1): BatchNorm2d(128, eps=1e-05, momentum=0.1, affine=True, track_running_stats=True)
      (conv2): SubnetConv(128, 128, kernel_size=(3, 3), stride=(1, 1), padding=(1, 1), bias=False)
      (bn2): BatchNorm2d(128, eps=1e-05, momentum=0.1, affine=True, track_running_stats=True)
      (shortcut): Sequential(
        (0): SubnetConv(64, 128, kernel_size=(1, 1), stride=(2, 2), bias=False)
        (1): BatchNorm2d(128, eps=1e-05, momentum=0.1, affine=True, track_running_stats=True)
      )
    )
    (1): BasicBlock(
      (conv1): SubnetConv(128, 128, kernel_size=(3, 3), stride=(1, 1), padding=(1, 1), bias=False)
      (bn1): BatchNorm2d(128, eps=1e-05, momentum=0.1, affine=True, track_running_stats=True)
      (conv2): SubnetConv(128, 128, kernel_size=(3, 3), stride=(1, 1), padding=(1, 1), bias=False)
      (bn2): BatchNorm2d(128, eps=1e-05, momentum=0.1, affine=True, track_running_stats=True)
      (shortcut): Sequential()
    )
  )
  (layer3): Sequential(
    (0): BasicBlock(
      (conv1): SubnetConv(128, 256, kernel_size=(3, 3), stride=(2, 2), padding=(1, 1), bias=False)
      (bn1): BatchNorm2d(256, eps=1e-05, momentum=0.1, affine=True, track_running_stats=True)
      (conv2): SubnetConv(256, 256, kernel_size=(3, 3), stride=(1, 1), padding=(1, 1), bias=False)
      (bn2): BatchNorm2d(256, eps=1e-05, momentum=0.1, affine=True, track_running_stats=True)
      (shortcut): Sequential(
        (0): SubnetConv(128, 256, kernel_size=(1, 1), stride=(2, 2), bias=False)
        (1): BatchNorm2d(256, eps=1e-05, momentum=0.1, affine=True, track_running_stats=True)
      )
    )
    (1): BasicBlock(
      (conv1): SubnetConv(256, 256, kernel_size=(3, 3), stride=(1, 1), padding=(1, 1), bias=False)
      (bn1): BatchNorm2d(256, eps=1e-05, momentum=0.1, affine=True, track_running_stats=True)
      (conv2): SubnetConv(256, 256, kernel_size=(3, 3), stride=(1, 1), padding=(1, 1), bias=False)
      (bn2): BatchNorm2d(256, eps=1e-05, momentum=0.1, affine=True, track_running_stats=True)
      (shortcut): Sequential()
    )
  )
  (layer4): Sequential(
    (0): BasicBlock(
      (conv1): SubnetConv(256, 512, kernel_size=(3, 3), stride=(2, 2), padding=(1, 1), bias=False)
      (bn1): BatchNorm2d(512, eps=1e-05, momentum=0.1, affine=True, track_running_stats=True)
      (conv2): SubnetConv(512, 512, kernel_size=(3, 3), stride=(1, 1), padding=(1, 1), bias=False)
      (bn2): BatchNorm2d(512, eps=1e-05, momentum=0.1, affine=True, track_running_stats=True)
      (shortcut): Sequential(
        (0): SubnetConv(256, 512, kernel_size=(1, 1), stride=(2, 2), bias=False)
        (1): BatchNorm2d(512, eps=1e-05, momentum=0.1, affine=True, track_running_stats=True)
      )
    )
    (1): BasicBlock(
      (conv1): SubnetConv(512, 512, kernel_size=(3, 3), stride=(1, 1), padding=(1, 1), bias=False)
      (bn1): BatchNorm2d(512, eps=1e-05, momentum=0.1, affine=True, track_running_stats=True)
      (conv2): SubnetConv(512, 512, kernel_size=(3, 3), stride=(1, 1), padding=(1, 1), bias=False)
      (bn2): BatchNorm2d(512, eps=1e-05, momentum=0.1, affine=True, track_running_stats=True)
      (shortcut): Sequential()
    )
  )
  (linear): SubnetLinear(in_features=512, out_features=10, bias=True)
)
Dataset:CIFAR10, D:<data.cifar.CIFAR10 object at 0x7f4d67625b50>, train len:50000, test len:10000
[CrossEntropyLoss(), SGD (
Parameter Group 0
    dampening: 0
    lr: 0.1
    momentum: 0.9
    nesterov: False
    weight_decay: 0.0001
), <function cosine_schedule.<locals>.set_lr at 0x7f4d6754fdc0>]
=> loading source model from './trained_models/rocl_ckpt_same_attack'
=> loaded checkpoint './trained_models/rocl_ckpt_same_attack'
/opt/conda/lib/python3.8/site-packages/torch/nn/_reduction.py:42: UserWarning: size_average and reduce args will be deprecated, please use reduction='sum' instead.
  warnings.warn(warning.format(ret))
Epoch 0, val-method adv, validation accuracy 37.709999084472656, best_prec 37.709999084472656
Sanity check (exp-mode: pretrain): Weight update - True, Scores update - False
Epoch 1, val-method adv, validation accuracy 40.7599983215332, best_prec 40.7599983215332
Sanity check (exp-mode: pretrain): Weight update - True, Scores update - False
Epoch 2, val-method adv, validation accuracy 42.39999771118164, best_prec 42.39999771118164
Sanity check (exp-mode: pretrain): Weight update - True, Scores update - False
Epoch 3, val-method adv, validation accuracy 42.959999084472656, best_prec 42.959999084472656
Sanity check (exp-mode: pretrain): Weight update - True, Scores update - False
Epoch 4, val-method adv, validation accuracy 43.66999816894531, best_prec 43.66999816894531
Sanity check (exp-mode: pretrain): Weight update - True, Scores update - False
